{
  "RSpec": {
    "coverage": {
      "/Users/bstoecker/devcon4/elo_league/app/models/elo.rb": [
        1,
        1,
        5,
        5,
        5,
        5,
        5,
        null,
        null,
        1,
        5,
        null,
        null,
        1,
        5,
        null,
        null,
        1,
        null,
        1,
        10,
        10,
        10,
        10,
        null,
        null,
        null,
        1,
        10,
        10,
        10,
        null,
        null,
        1,
        10,
        10,
        10,
        null,
        null,
        1,
        null,
        5,
        5,
        0,
        10,
        null,
        null
      ]
    },
    "timestamp": 1417007204
  }
}
